Сборка начата 11.12.2024 04:55:38.
Уровень детализации журнала: Normal.     1>Проект "C:\Лабы\Операционные системы\Лабы\Лаба6\lab6\OS06_01\OS06_01.vcxproj" в узле 2 (целевые объекты Build).
     1>InitializeBuildStatus:
         Обращение к "x64\Debug\OS06_01.tlog\unsuccessfulbuild".
       ClCompile:
         C:\Program Files\Microsoft Visual Studio\2022\Community\VC\Tools\MSVC\14.37.32822\bin\HostX64\x64\CL.exe /c /ZI /JMC /nologo /W3 /WX- /diagnostics:column /sdl /Od /D _DEBUG /D _CONSOLE /D _UNICODE /D UNICODE /Gm- /EHsc /RTC1 /MDd /GS /fp:precise /Zc:wchar_t /Zc:forScope /Zc:inline /permissive- /Fo"x64\Debug\\" /Fd"x64\Debug\vc143.pdb" /external:W3 /Gd /TP /FC /errorReport:prompt 0S06_01.cpp
         0S06_01.cpp
     1>C:\Лабы\Операционные системы\Лабы\Лаба6\lab6\OS06_01\0S06_01.cpp(23,2): error C4235: использовано нестандартное расширение: ключевое слово "__asm" данной архитектурой не поддерживается
     1>C:\Лабы\Операционные системы\Лабы\Лаба6\lab6\OS06_01\0S06_01.cpp(25,3): error C2065: lock: необъявленный идентификатор
     1>C:\Лабы\Операционные системы\Лабы\Лаба6\lab6\OS06_01\0S06_01.cpp(25,8): error C2146: синтаксическая ошибка: отсутствие ";" перед идентификатором "bts"
     1>C:\Лабы\Операционные системы\Лабы\Лаба6\lab6\OS06_01\0S06_01.cpp(25,8): error C2065: bts: необъявленный идентификатор
     1>C:\Лабы\Операционные системы\Лабы\Лаба6\lab6\OS06_01\0S06_01.cpp(25,12): error C2146: синтаксическая ошибка: отсутствие ";" перед идентификатором "mutex"
     1>C:\Лабы\Операционные системы\Лабы\Лаба6\lab6\OS06_01\0S06_01.cpp(26,3): error C2065: jc: необъявленный идентификатор
     1>C:\Лабы\Операционные системы\Лабы\Лаба6\lab6\OS06_01\0S06_01.cpp(26,6): error C2146: синтаксическая ошибка: отсутствие ";" перед идентификатором "SpinLoop"
     1>C:\Лабы\Операционные системы\Лабы\Лаба6\lab6\OS06_01\0S06_01.cpp(26,6): error C2065: SpinLoop: необъявленный идентификатор
     1>C:\Лабы\Операционные системы\Лабы\Лаба6\lab6\OS06_01\0S06_01.cpp(27,2): error C2143: синтаксическая ошибка: отсутствие ";" перед "}"
     1>C:\Лабы\Операционные системы\Лабы\Лаба6\lab6\OS06_01\0S06_01.cpp(32,2): error C4235: использовано нестандартное расширение: ключевое слово "__asm" данной архитектурой не поддерживается
     1>C:\Лабы\Операционные системы\Лабы\Лаба6\lab6\OS06_01\0S06_01.cpp(32,8): error C2065: lock: необъявленный идентификатор
     1>C:\Лабы\Операционные системы\Лабы\Лаба6\lab6\OS06_01\0S06_01.cpp(32,13): error C2146: синтаксическая ошибка: отсутствие ";" перед идентификатором "btr"
     1>C:\Лабы\Операционные системы\Лабы\Лаба6\lab6\OS06_01\0S06_01.cpp(32,13): error C2065: btr: необъявленный идентификатор
     1>C:\Лабы\Операционные системы\Лабы\Лаба6\lab6\OS06_01\0S06_01.cpp(32,17): error C2146: синтаксическая ошибка: отсутствие ";" перед идентификатором "mutex"
     1>C:\Лабы\Операционные системы\Лабы\Лаба6\lab6\OS06_01\0S06_01.cpp(33,1): error C2143: синтаксическая ошибка: отсутствие ";" перед "}"
     1>Сборка проекта "C:\Лабы\Операционные системы\Лабы\Лаба6\lab6\OS06_01\OS06_01.vcxproj" завершена (целевые объекты Build) с ошибкой.

Ошибка сборки.

       "C:\Лабы\Операционные системы\Лабы\Лаба6\lab6\OS06_01\OS06_01.vcxproj" (целевой объект Build ) (1) ->
       (Целевой объект ClCompile) -> 
         C:\Лабы\Операционные системы\Лабы\Лаба6\lab6\OS06_01\0S06_01.cpp(23,2): error C4235: использовано нестандартное расширение: ключевое слово "__asm" данной архитектурой не поддерживается
         C:\Лабы\Операционные системы\Лабы\Лаба6\lab6\OS06_01\0S06_01.cpp(25,3): error C2065: lock: необъявленный идентификатор
         C:\Лабы\Операционные системы\Лабы\Лаба6\lab6\OS06_01\0S06_01.cpp(25,8): error C2146: синтаксическая ошибка: отсутствие ";" перед идентификатором "bts"
         C:\Лабы\Операционные системы\Лабы\Лаба6\lab6\OS06_01\0S06_01.cpp(25,8): error C2065: bts: необъявленный идентификатор
         C:\Лабы\Операционные системы\Лабы\Лаба6\lab6\OS06_01\0S06_01.cpp(25,12): error C2146: синтаксическая ошибка: отсутствие ";" перед идентификатором "mutex"
         C:\Лабы\Операционные системы\Лабы\Лаба6\lab6\OS06_01\0S06_01.cpp(26,3): error C2065: jc: необъявленный идентификатор
         C:\Лабы\Операционные системы\Лабы\Лаба6\lab6\OS06_01\0S06_01.cpp(26,6): error C2146: синтаксическая ошибка: отсутствие ";" перед идентификатором "SpinLoop"
         C:\Лабы\Операционные системы\Лабы\Лаба6\lab6\OS06_01\0S06_01.cpp(26,6): error C2065: SpinLoop: необъявленный идентификатор
         C:\Лабы\Операционные системы\Лабы\Лаба6\lab6\OS06_01\0S06_01.cpp(27,2): error C2143: синтаксическая ошибка: отсутствие ";" перед "}"
         C:\Лабы\Операционные системы\Лабы\Лаба6\lab6\OS06_01\0S06_01.cpp(32,2): error C4235: использовано нестандартное расширение: ключевое слово "__asm" данной архитектурой не поддерживается
         C:\Лабы\Операционные системы\Лабы\Лаба6\lab6\OS06_01\0S06_01.cpp(32,8): error C2065: lock: необъявленный идентификатор
         C:\Лабы\Операционные системы\Лабы\Лаба6\lab6\OS06_01\0S06_01.cpp(32,13): error C2146: синтаксическая ошибка: отсутствие ";" перед идентификатором "btr"
         C:\Лабы\Операционные системы\Лабы\Лаба6\lab6\OS06_01\0S06_01.cpp(32,13): error C2065: btr: необъявленный идентификатор
         C:\Лабы\Операционные системы\Лабы\Лаба6\lab6\OS06_01\0S06_01.cpp(32,17): error C2146: синтаксическая ошибка: отсутствие ";" перед идентификатором "mutex"
         C:\Лабы\Операционные системы\Лабы\Лаба6\lab6\OS06_01\0S06_01.cpp(33,1): error C2143: синтаксическая ошибка: отсутствие ";" перед "}"

    Предупреждений: 0
    Ошибок: 15

Прошло времени 00:00:02.21
