Сборка начата 10.12.2024 22:53:09.
Уровень детализации журнала: Normal.     1>Проект "C:\Лабы\Операционные системы\Лабы\Лаба5\lab5\OS05_01\OS05_01.vcxproj" в узле 2 (целевые объекты Build).
     1>InitializeBuildStatus:
         Создание "x64\Debug\OS05_01.tlog\unsuccessfulbuild", так как было задано "AlwaysCreate".
         Обращение к "x64\Debug\OS05_01.tlog\unsuccessfulbuild".
       ClCompile:
         C:\Program Files\Microsoft Visual Studio\2022\Community\VC\Tools\MSVC\14.37.32822\bin\HostX64\x64\CL.exe /c /ZI /JMC /nologo /W3 /WX- /diagnostics:column /sdl /Od /D _DEBUG /D _CONSOLE /D _UNICODE /D UNICODE /Gm- /EHsc /RTC1 /MDd /GS /fp:precise /Zc:wchar_t /Zc:forScope /Zc:inline /permissive- /Fo"x64\Debug\\" /Fd"x64\Debug\vc143.pdb" /external:W3 /Gd /TP /FC /errorReport:prompt OS05_01.cpp
         OS05_01.cpp
     1>C:\Лабы\Операционные системы\Лабы\Лаба5\lab5\OS05_01\OS05_01.cpp(109,60): warning C4244: аргумент: преобразование "DWORD_PTR" в "int", возможна потеря данных
     1>C:\Лабы\Операционные системы\Лабы\Лаба5\lab5\OS05_01\OS05_01.cpp(110,59): warning C4244: аргумент: преобразование "DWORD_PTR" в "int", возможна потеря данных
       Link:
         C:\Program Files\Microsoft Visual Studio\2022\Community\VC\Tools\MSVC\14.37.32822\bin\HostX64\x64\link.exe /ERRORREPORT:PROMPT /OUT:"C:\Лабы\Операционные системы\Лабы\Лаба5\lab5\x64\Debug\OS05_01.exe" /INCREMENTAL /ILK:"x64\Debug\OS05_01.ilk" /NOLOGO kernel32.lib user32.lib gdi32.lib winspool.lib comdlg32.lib advapi32.lib shell32.lib ole32.lib oleaut32.lib uuid.lib odbc32.lib odbccp32.lib /MANIFEST /MANIFESTUAC:"level='asInvoker' uiAccess='false'" /manifest:embed /DEBUG /PDB:"C:\Лабы\Операционные системы\Лабы\Лаба5\lab5\x64\Debug\OS05_01.pdb" /SUBSYSTEM:CONSOLE /TLBID:1 /DYNAMICBASE /NXCOMPAT /IMPLIB:"C:\Лабы\Операционные системы\Лабы\Лаба5\lab5\x64\Debug\OS05_01.lib" /MACHINE:X64 x64\Debug\OS05_01.obj
         OS05_01.vcxproj -> C:\Лабы\Операционные системы\Лабы\Лаба5\lab5\x64\Debug\OS05_01.exe
       FinalizeBuildStatus:
         Файл "x64\Debug\OS05_01.tlog\unsuccessfulbuild" удаляется.
         Обращение к "x64\Debug\OS05_01.tlog\OS05_01.lastbuildstate".
     1>Сборка проекта "C:\Лабы\Операционные системы\Лабы\Лаба5\lab5\OS05_01\OS05_01.vcxproj" завершена (целевые объекты Build).

Сборка успешно завершена.

       "C:\Лабы\Операционные системы\Лабы\Лаба5\lab5\OS05_01\OS05_01.vcxproj" (целевой объект Build ) (1) ->
       (Целевой объект ClCompile) -> 
         C:\Лабы\Операционные системы\Лабы\Лаба5\lab5\OS05_01\OS05_01.cpp(109,60): warning C4244: аргумент: преобразование "DWORD_PTR" в "int", возможна потеря данных
         C:\Лабы\Операционные системы\Лабы\Лаба5\lab5\OS05_01\OS05_01.cpp(110,59): warning C4244: аргумент: преобразование "DWORD_PTR" в "int", возможна потеря данных

    Предупреждений: 2
    Ошибок: 0

Прошло времени 00:00:02.85
