Сборка начата 25.03.2025 10:30:58.
Уровень детализации журнала: Normal.     1>Проект "C:\Лабы\Распределённые информационные системы\RIS\ServerU\ServerU\ServerU.vcxproj" в узле 2 (целевые объекты Build).
     1>PrepareForBuild:
         Структурированный вывод включен. Форматирование диагностики компилятора будет отражать иерархию ошибок. Подробнее см. https://aka.ms/cpp/structured-output.
       InitializeBuildStatus:
         Создание "Debug\ServerU.tlog\unsuccessfulbuild", так как было задано "AlwaysCreate".
         Обращение к "Debug\ServerU.tlog\unsuccessfulbuild".
       ClCompile:
         Для всех выходных данных обновления не требуется.
         C:\Program Files\Microsoft Visual Studio\2022\Community\VC\Tools\MSVC\14.42.34433\bin\HostX86\x86\CL.exe /c /ZI /JMC /nologo /W3 /WX- /diagnostics:column /Od /Oy- /D WIN32 /D _DEBUG /D _CONSOLE /D _UNICODE /D UNICODE /Gm- /EHsc /RTC1 /MDd /GS /fp:precise /Zc:wchar_t /Zc:forScope /Zc:inline /Yu"stdafx.h" /Fp"Debug\ServerU.pch" /Fo"Debug\\" /Fd"Debug\vc143.pdb" /external:W3 /Gd /TP /analyze- /FC /errorReport:prompt ServerU.cpp
         ServerU.cpp
     1>C:\Лабы\Распределённые информационные системы\RIS\ServerU\ServerU\ServerU.cpp(174,39): warning C4244: =: преобразование "DWORD64" в "int", возможна потеря данных
         (компиляция исходного файла "/ServerU.cpp")
         
     1>C:\Лабы\Распределённые информационные системы\RIS\ServerU\ServerU\ServerU.cpp(145,26): warning C4996: 'inet_addr': Use inet_pton() or InetPton() instead or define _WINSOCK_DEPRECATED_NO_WARNINGS to disable deprecated API warnings
         (компиляция исходного файла "/ServerU.cpp")
         
     1>C:\Лабы\Распределённые информационные системы\RIS\ServerU\ServerU\ServerU.cpp(187,12): warning C4996: 'inet_ntoa': Use inet_ntop() or InetNtop() instead or define _WINSOCK_DEPRECATED_NO_WARNINGS to disable deprecated API warnings
         (компиляция исходного файла "/ServerU.cpp")
         
     1>C:\Лабы\Распределённые информационные системы\RIS\ServerU\ServerU\ServerU.cpp(122,10): warning C4101: c: неиспользованная локальная переменная
         (компиляция исходного файла "/ServerU.cpp")
         
       Link:
         C:\Program Files\Microsoft Visual Studio\2022\Community\VC\Tools\MSVC\14.42.34433\bin\HostX86\x86\link.exe /ERRORREPORT:PROMPT /OUT:"C:\Лабы\Распределённые информационные системы\RIS\ServerU\Debug\ServerU.exe" /INCREMENTAL /ILK:"Debug\ServerU.ilk" /NOLOGO kernel32.lib user32.lib gdi32.lib winspool.lib comdlg32.lib advapi32.lib shell32.lib ole32.lib oleaut32.lib uuid.lib odbc32.lib odbccp32.lib /MANIFEST /MANIFESTUAC:"level='asInvoker' uiAccess='false'" /manifest:embed /DEBUG /PDB:"C:\Лабы\Распределённые информационные системы\RIS\ServerU\Debug\ServerU.pdb" /SUBSYSTEM:CONSOLE /TLBID:1 /DYNAMICBASE /NXCOMPAT /IMPLIB:"C:\Лабы\Распределённые информационные системы\RIS\ServerU\Debug\ServerU.lib" /MACHINE:X86 Debug\ServerU.obj
         Debug\stdafx.obj
         ServerU.vcxproj -> C:\Лабы\Распределённые информационные системы\RIS\ServerU\Debug\ServerU.exe
       FinalizeBuildStatus:
         Файл "Debug\ServerU.tlog\unsuccessfulbuild" удаляется.
         Обращение к "Debug\ServerU.tlog\ServerU.lastbuildstate".
     1>Сборка проекта "C:\Лабы\Распределённые информационные системы\RIS\ServerU\ServerU\ServerU.vcxproj" завершена (целевые объекты Build).

Сборка успешно завершена.

       "C:\Лабы\Распределённые информационные системы\RIS\ServerU\ServerU\ServerU.vcxproj" (целевой объект Build ) (1) ->
       (Целевой объект ClCompile) -> 
         C:\Лабы\Распределённые информационные системы\RIS\ServerU\ServerU\ServerU.cpp(174,39): warning C4244: =: преобразование "DWORD64" в "int", возможна потеря данных
         C:\Лабы\Распределённые информационные системы\RIS\ServerU\ServerU\ServerU.cpp(145,26): warning C4996: 'inet_addr': Use inet_pton() or InetPton() instead or define _WINSOCK_DEPRECATED_NO_WARNINGS to disable deprecated API warnings
         C:\Лабы\Распределённые информационные системы\RIS\ServerU\ServerU\ServerU.cpp(187,12): warning C4996: 'inet_ntoa': Use inet_ntop() or InetNtop() instead or define _WINSOCK_DEPRECATED_NO_WARNINGS to disable deprecated API warnings
         C:\Лабы\Распределённые информационные системы\RIS\ServerU\ServerU\ServerU.cpp(122,10): warning C4101: c: неиспользованная локальная переменная

    Предупреждений: 4
    Ошибок: 0

Прошло времени 00:00:01.48
