Сборка начата 25.03.2025 09:59:39.
Уровень детализации журнала: Normal.     1>Проект "C:\Лабы\Распределённые информационные системы\RIS\ClientU\ClientU\ClientU.vcxproj" в узле 2 (целевые объекты Build).
     1>PrepareForBuild:
         Структурированный вывод включен. Форматирование диагностики компилятора будет отражать иерархию ошибок. Подробнее см. https://aka.ms/cpp/structured-output.
       InitializeBuildStatus:
         Создание "Debug\ClientU.tlog\unsuccessfulbuild", так как было задано "AlwaysCreate".
         Обращение к "Debug\ClientU.tlog\unsuccessfulbuild".
       ClCompile:
         Для всех выходных данных обновления не требуется.
         C:\Program Files\Microsoft Visual Studio\2022\Community\VC\Tools\MSVC\14.42.34433\bin\HostX86\x86\CL.exe /c /ZI /JMC /nologo /W3 /WX- /diagnostics:column /Od /Oy- /D WIN32 /D _DEBUG /D _CONSOLE /D _UNICODE /D UNICODE /Gm- /EHsc /RTC1 /MDd /GS /fp:precise /Zc:wchar_t /Zc:forScope /Zc:inline /Yu"stdafx.h" /Fp"Debug\ClientU.pch" /Fo"Debug\\" /Fd"Debug\vc143.pdb" /external:W3 /Gd /TP /analyze- /FC /errorReport:prompt ClientU.cpp
         ClientU.cpp
     1>C:\Лабы\Распределённые информационные системы\RIS\ClientU\ClientU\ClientU.cpp(120,26): warning C4996: 'inet_addr': Use inet_pton() or InetPton() instead or define _WINSOCK_DEPRECATED_NO_WARNINGS to disable deprecated API warnings
         (компиляция исходного файла "/ClientU.cpp")
         
       Link:
         C:\Program Files\Microsoft Visual Studio\2022\Community\VC\Tools\MSVC\14.42.34433\bin\HostX86\x86\link.exe /ERRORREPORT:PROMPT /OUT:"C:\Лабы\Распределённые информационные системы\RIS\ServerU\Debug\ClientU.exe" /INCREMENTAL /ILK:"Debug\ClientU.ilk" /NOLOGO kernel32.lib user32.lib gdi32.lib winspool.lib comdlg32.lib advapi32.lib shell32.lib ole32.lib oleaut32.lib uuid.lib odbc32.lib odbccp32.lib /MANIFEST /MANIFESTUAC:"level='asInvoker' uiAccess='false'" /manifest:embed /DEBUG /PDB:"C:\Лабы\Распределённые информационные системы\RIS\ServerU\Debug\ClientU.pdb" /SUBSYSTEM:CONSOLE /TLBID:1 /DYNAMICBASE /NXCOMPAT /IMPLIB:"C:\Лабы\Распределённые информационные системы\RIS\ServerU\Debug\ClientU.lib" /MACHINE:X86 Debug\ClientU.obj
         Debug\stdafx.obj
         ClientU.vcxproj -> C:\Лабы\Распределённые информационные системы\RIS\ServerU\Debug\ClientU.exe
       FinalizeBuildStatus:
         Файл "Debug\ClientU.tlog\unsuccessfulbuild" удаляется.
         Обращение к "Debug\ClientU.tlog\ClientU.lastbuildstate".
     1>Сборка проекта "C:\Лабы\Распределённые информационные системы\RIS\ClientU\ClientU\ClientU.vcxproj" завершена (целевые объекты Build).

Сборка успешно завершена.

       "C:\Лабы\Распределённые информационные системы\RIS\ClientU\ClientU\ClientU.vcxproj" (целевой объект Build ) (1) ->
       (Целевой объект ClCompile) -> 
         C:\Лабы\Распределённые информационные системы\RIS\ClientU\ClientU\ClientU.cpp(120,26): warning C4996: 'inet_addr': Use inet_pton() or InetPton() instead or define _WINSOCK_DEPRECATED_NO_WARNINGS to disable deprecated API warnings

    Предупреждений: 1
    Ошибок: 0

Прошло времени 00:00:01.69
