Сборка начата 06.11.2024 12:48:23.
Уровень детализации журнала: Normal.     1>Проект "C:\Лабы\Программирование сетевых приложений\Лабы\lab04\ClientB\ClientB\ClientB.vcxproj" в узле 2 (целевые объекты Build).
     1>InitializeBuildStatus:
         Создание "x64\Debug\ClientB.tlog\unsuccessfulbuild", так как было задано "AlwaysCreate".
         Обращение к "x64\Debug\ClientB.tlog\unsuccessfulbuild".
       ClCompile:
         C:\Program Files\Microsoft Visual Studio\2022\Community\VC\Tools\MSVC\14.37.32822\bin\HostX64\x64\CL.exe /c /ZI /JMC /nologo /W3 /WX- /diagnostics:column /sdl /Od /D _DEBUG /D _CONSOLE /D _UNICODE /D UNICODE /Gm- /EHsc /RTC1 /MDd /GS /fp:precise /Zc:wchar_t /Zc:forScope /Zc:inline /permissive- /Fo"x64\Debug\\" /Fd"x64\Debug\vc143.pdb" /external:W3 /Gd /TP /wd4996 /FC /errorReport:prompt ClientB.cpp
         ClientB.cpp
     1>C:\Лабы\Программирование сетевых приложений\Лабы\lab04\ClientB\ClientB\ClientB.cpp(36,50): warning C4267: аргумент: преобразование из "size_t" в "int"; возможна потеря данных
     1>C:\Лабы\Программирование сетевых приложений\Лабы\lab04\ClientB\ClientB\ClientB.cpp(53,42): warning C4244: аргумент: преобразование "SOCKET" в "int", возможна потеря данных
       Link:
         C:\Program Files\Microsoft Visual Studio\2022\Community\VC\Tools\MSVC\14.37.32822\bin\HostX64\x64\link.exe /ERRORREPORT:PROMPT /OUT:"C:\Лабы\Программирование сетевых приложений\Лабы\lab04\ClientB\x64\Debug\ClientB.exe" /INCREMENTAL /ILK:"x64\Debug\ClientB.ilk" /NOLOGO kernel32.lib user32.lib gdi32.lib winspool.lib comdlg32.lib advapi32.lib shell32.lib ole32.lib oleaut32.lib uuid.lib odbc32.lib odbccp32.lib /MANIFEST /MANIFESTUAC:"level='asInvoker' uiAccess='false'" /manifest:embed /DEBUG /PDB:"C:\Лабы\Программирование сетевых приложений\Лабы\lab04\ClientB\x64\Debug\ClientB.pdb" /SUBSYSTEM:CONSOLE /TLBID:1 /DYNAMICBASE /NXCOMPAT /IMPLIB:"C:\Лабы\Программирование сетевых приложений\Лабы\lab04\ClientB\x64\Debug\ClientB.lib" /MACHINE:X64 x64\Debug\ClientB.obj
         ClientB.vcxproj -> C:\Лабы\Программирование сетевых приложений\Лабы\lab04\ClientB\x64\Debug\ClientB.exe
       FinalizeBuildStatus:
         Файл "x64\Debug\ClientB.tlog\unsuccessfulbuild" удаляется.
         Обращение к "x64\Debug\ClientB.tlog\ClientB.lastbuildstate".
     1>Сборка проекта "C:\Лабы\Программирование сетевых приложений\Лабы\lab04\ClientB\ClientB\ClientB.vcxproj" завершена (целевые объекты Build).

Сборка успешно завершена.

       "C:\Лабы\Программирование сетевых приложений\Лабы\lab04\ClientB\ClientB\ClientB.vcxproj" (целевой объект Build ) (1) ->
       (Целевой объект ClCompile) -> 
         C:\Лабы\Программирование сетевых приложений\Лабы\lab04\ClientB\ClientB\ClientB.cpp(36,50): warning C4267: аргумент: преобразование из "size_t" в "int"; возможна потеря данных
         C:\Лабы\Программирование сетевых приложений\Лабы\lab04\ClientB\ClientB\ClientB.cpp(53,42): warning C4244: аргумент: преобразование "SOCKET" в "int", возможна потеря данных

    Предупреждений: 2
    Ошибок: 0

Прошло времени 00:00:02.17
