Сборка начата 06.11.2024 10:04:30.
Уровень детализации журнала: Normal.     1>Проект "C:\Лабы\Программирование сетевых приложений\Лабы\lab05\ClientS\ClientS\ClientS.vcxproj" в узле 2 (целевые объекты Build).
     1>InitializeBuildStatus:
         Создание "x64\Debug\ClientS.tlog\unsuccessfulbuild", так как было задано "AlwaysCreate".
         Обращение к "x64\Debug\ClientS.tlog\unsuccessfulbuild".
       ClCompile:
         C:\Program Files\Microsoft Visual Studio\2022\Community\VC\Tools\MSVC\14.37.32822\bin\HostX64\x64\CL.exe /c /ZI /JMC /nologo /W3 /WX- /diagnostics:column /sdl /Od /D _DEBUG /D _CONSOLE /D _UNICODE /D UNICODE /Gm- /EHsc /RTC1 /MDd /GS /fp:precise /Zc:wchar_t /Zc:forScope /Zc:inline /permissive- /Fo"x64\Debug\\" /Fd"x64\Debug\vc143.pdb" /external:W3 /Gd /TP /wd4996 /FC /errorReport:prompt ClientS.cpp
         ClientS.cpp
     1>C:\Лабы\Программирование сетевых приложений\Лабы\lab05\ClientS\ClientS\ClientS.cpp(30,39): warning C4267: аргумент: преобразование из "size_t" в "int"; возможна потеря данных
       Link:
         C:\Program Files\Microsoft Visual Studio\2022\Community\VC\Tools\MSVC\14.37.32822\bin\HostX64\x64\link.exe /ERRORREPORT:PROMPT /OUT:"C:\Лабы\Программирование сетевых приложений\Лабы\lab05\ClientS\x64\Debug\ClientS.exe" /INCREMENTAL /ILK:"x64\Debug\ClientS.ilk" /NOLOGO kernel32.lib user32.lib gdi32.lib winspool.lib comdlg32.lib advapi32.lib shell32.lib ole32.lib oleaut32.lib uuid.lib odbc32.lib odbccp32.lib /MANIFEST /MANIFESTUAC:"level='asInvoker' uiAccess='false'" /manifest:embed /DEBUG /PDB:"C:\Лабы\Программирование сетевых приложений\Лабы\lab05\ClientS\x64\Debug\ClientS.pdb" /SUBSYSTEM:CONSOLE /TLBID:1 /DYNAMICBASE /NXCOMPAT /IMPLIB:"C:\Лабы\Программирование сетевых приложений\Лабы\lab05\ClientS\x64\Debug\ClientS.lib" /MACHINE:X64 x64\Debug\ClientS.obj
         ClientS.vcxproj -> C:\Лабы\Программирование сетевых приложений\Лабы\lab05\ClientS\x64\Debug\ClientS.exe
       FinalizeBuildStatus:
         Файл "x64\Debug\ClientS.tlog\unsuccessfulbuild" удаляется.
         Обращение к "x64\Debug\ClientS.tlog\ClientS.lastbuildstate".
     1>Сборка проекта "C:\Лабы\Программирование сетевых приложений\Лабы\lab05\ClientS\ClientS\ClientS.vcxproj" завершена (целевые объекты Build).

Сборка успешно завершена.

       "C:\Лабы\Программирование сетевых приложений\Лабы\lab05\ClientS\ClientS\ClientS.vcxproj" (целевой объект Build ) (1) ->
       (Целевой объект ClCompile) -> 
         C:\Лабы\Программирование сетевых приложений\Лабы\lab05\ClientS\ClientS\ClientS.cpp(30,39): warning C4267: аргумент: преобразование из "size_t" в "int"; возможна потеря данных

    Предупреждений: 1
    Ошибок: 0

Прошло времени 00:00:02.11
