Сборка начата 23.10.2024 12:15:45.
Уровень детализации журнала: Normal.     1>Проект "C:\Лабы\Программирование сетевых приложений\Лабы\lab03\ServerU\ServerU\ServerU.vcxproj" в узле 2 (целевые объекты Build).
     1>InitializeBuildStatus:
         Обращение к "x64\Debug\ServerU.tlog\unsuccessfulbuild".
       ClCompile:
         C:\Program Files\Microsoft Visual Studio\2022\Community\VC\Tools\MSVC\14.37.32822\bin\HostX64\x64\CL.exe /c /ZI /JMC /nologo /W3 /WX- /diagnostics:column /sdl /Od /D _DEBUG /D _CONSOLE /D _UNICODE /D UNICODE /Gm- /EHsc /RTC1 /MDd /GS /fp:precise /Zc:wchar_t /Zc:forScope /Zc:inline /permissive- /Fo"x64\Debug\\" /Fd"x64\Debug\vc143.pdb" /external:W3 /Gd /TP /wd4996 /FC /errorReport:prompt ServerU.cpp
         ServerU.cpp
     1>C:\Лабы\Программирование сетевых приложений\Лабы\lab03\ServerU\ServerU\ServerU.cpp(24,10): error C3861: SetErrorMsgText: идентификатор не найден
     1>C:\Лабы\Программирование сетевых приложений\Лабы\lab03\ServerU\ServerU\ServerU.cpp(27,10): error C3861: SetErrorMsgText: идентификатор не найден
     1>C:\Лабы\Программирование сетевых приложений\Лабы\lab03\ServerU\ServerU\ServerU.cpp(30,10): error C3861: SetErrorMsgText: идентификатор не найден
     1>C:\Лабы\Программирование сетевых приложений\Лабы\lab03\ServerU\ServerU\ServerU.cpp(33,10): error C3861: SetErrorMsgText: идентификатор не найден
     1>C:\Лабы\Программирование сетевых приложений\Лабы\lab03\ServerU\ServerU\ServerU.cpp(48,12): error C3861: SetErrorMsgText: идентификатор не найден
     1>C:\Лабы\Программирование сетевых приложений\Лабы\lab03\ServerU\ServerU\ServerU.cpp(58,12): error C3861: SetErrorMsgText: идентификатор не найден
     1>C:\Лабы\Программирование сетевых приложений\Лабы\lab03\ServerU\ServerU\ServerU.cpp(69,10): error C3861: SetErrorMsgText: идентификатор не найден
     1>C:\Лабы\Программирование сетевых приложений\Лабы\lab03\ServerU\ServerU\ServerU.cpp(75,10): error C3861: SetErrorMsgText: идентификатор не найден
     1>C:\Лабы\Программирование сетевых приложений\Лабы\lab03\ServerU\ServerU\ServerU.cpp(181,5): error C2059: синтаксическая ошибка: }
     1>Сборка проекта "C:\Лабы\Программирование сетевых приложений\Лабы\lab03\ServerU\ServerU\ServerU.vcxproj" завершена (целевые объекты Build) с ошибкой.

Ошибка сборки.

       "C:\Лабы\Программирование сетевых приложений\Лабы\lab03\ServerU\ServerU\ServerU.vcxproj" (целевой объект Build ) (1) ->
       (Целевой объект ClCompile) -> 
         C:\Лабы\Программирование сетевых приложений\Лабы\lab03\ServerU\ServerU\ServerU.cpp(24,10): error C3861: SetErrorMsgText: идентификатор не найден
         C:\Лабы\Программирование сетевых приложений\Лабы\lab03\ServerU\ServerU\ServerU.cpp(27,10): error C3861: SetErrorMsgText: идентификатор не найден
         C:\Лабы\Программирование сетевых приложений\Лабы\lab03\ServerU\ServerU\ServerU.cpp(30,10): error C3861: SetErrorMsgText: идентификатор не найден
         C:\Лабы\Программирование сетевых приложений\Лабы\lab03\ServerU\ServerU\ServerU.cpp(33,10): error C3861: SetErrorMsgText: идентификатор не найден
         C:\Лабы\Программирование сетевых приложений\Лабы\lab03\ServerU\ServerU\ServerU.cpp(48,12): error C3861: SetErrorMsgText: идентификатор не найден
         C:\Лабы\Программирование сетевых приложений\Лабы\lab03\ServerU\ServerU\ServerU.cpp(58,12): error C3861: SetErrorMsgText: идентификатор не найден
         C:\Лабы\Программирование сетевых приложений\Лабы\lab03\ServerU\ServerU\ServerU.cpp(69,10): error C3861: SetErrorMsgText: идентификатор не найден
         C:\Лабы\Программирование сетевых приложений\Лабы\lab03\ServerU\ServerU\ServerU.cpp(75,10): error C3861: SetErrorMsgText: идентификатор не найден
         C:\Лабы\Программирование сетевых приложений\Лабы\lab03\ServerU\ServerU\ServerU.cpp(181,5): error C2059: синтаксическая ошибка: }

    Предупреждений: 0
    Ошибок: 9

Прошло времени 00:00:01.85
