Сборка начата 23.10.2024 11:57:55.
Уровень детализации журнала: Normal.     1>Проект "C:\Лабы\Программирование сетевых приложений\Лабы\lab03\ClientU\ClientU\ClientU.vcxproj" в узле 2 (целевые объекты Build).
     1>InitializeBuildStatus:
         Создание "x64\Debug\ClientU.tlog\unsuccessfulbuild", так как было задано "AlwaysCreate".
         Обращение к "x64\Debug\ClientU.tlog\unsuccessfulbuild".
       ClCompile:
         C:\Program Files\Microsoft Visual Studio\2022\Community\VC\Tools\MSVC\14.37.32822\bin\HostX64\x64\CL.exe /c /ZI /JMC /nologo /W3 /WX- /diagnostics:column /sdl /Od /D _DEBUG /D _CONSOLE /D _UNICODE /D UNICODE /Gm- /EHsc /RTC1 /MDd /GS /fp:precise /Zc:wchar_t /Zc:forScope /Zc:inline /permissive- /Fo"x64\Debug\\" /Fd"x64\Debug\vc143.pdb" /external:W3 /Gd /TP /wd4996 /FC /errorReport:prompt ClientU.cpp
         ClientU.cpp
     1>C:\Лабы\Программирование сетевых приложений\Лабы\lab03\ClientU\ClientU\ClientU.cpp(52,57): warning C4267: аргумент: преобразование из "size_t" в "int"; возможна потеря данных
     1>C:\Лабы\Программирование сетевых приложений\Лабы\lab03\ClientU\ClientU\ClientU.cpp(28,10): warning C4101: serverSocket: неиспользованная локальная переменная
       Link:
         C:\Program Files\Microsoft Visual Studio\2022\Community\VC\Tools\MSVC\14.37.32822\bin\HostX64\x64\link.exe /ERRORREPORT:PROMPT /OUT:"C:\Лабы\Программирование сетевых приложений\Лабы\lab03\ClientU\x64\Debug\ClientU.exe" /INCREMENTAL /ILK:"x64\Debug\ClientU.ilk" /NOLOGO kernel32.lib user32.lib gdi32.lib winspool.lib comdlg32.lib advapi32.lib shell32.lib ole32.lib oleaut32.lib uuid.lib odbc32.lib odbccp32.lib /MANIFEST /MANIFESTUAC:"level='asInvoker' uiAccess='false'" /manifest:embed /DEBUG /PDB:"C:\Лабы\Программирование сетевых приложений\Лабы\lab03\ClientU\x64\Debug\ClientU.pdb" /SUBSYSTEM:CONSOLE /TLBID:1 /DYNAMICBASE /NXCOMPAT /IMPLIB:"C:\Лабы\Программирование сетевых приложений\Лабы\lab03\ClientU\x64\Debug\ClientU.lib" /MACHINE:X64 x64\Debug\ClientU.obj
         ClientU.vcxproj -> C:\Лабы\Программирование сетевых приложений\Лабы\lab03\ClientU\x64\Debug\ClientU.exe
       FinalizeBuildStatus:
         Файл "x64\Debug\ClientU.tlog\unsuccessfulbuild" удаляется.
         Обращение к "x64\Debug\ClientU.tlog\ClientU.lastbuildstate".
     1>Сборка проекта "C:\Лабы\Программирование сетевых приложений\Лабы\lab03\ClientU\ClientU\ClientU.vcxproj" завершена (целевые объекты Build).

Сборка успешно завершена.

       "C:\Лабы\Программирование сетевых приложений\Лабы\lab03\ClientU\ClientU\ClientU.vcxproj" (целевой объект Build ) (1) ->
       (Целевой объект ClCompile) -> 
         C:\Лабы\Программирование сетевых приложений\Лабы\lab03\ClientU\ClientU\ClientU.cpp(52,57): warning C4267: аргумент: преобразование из "size_t" в "int"; возможна потеря данных
         C:\Лабы\Программирование сетевых приложений\Лабы\lab03\ClientU\ClientU\ClientU.cpp(28,10): warning C4101: serverSocket: неиспользованная локальная переменная

    Предупреждений: 2
    Ошибок: 0

Прошло времени 00:00:02.70
